2026-01-30 15:17:45,107 INFO: ==================================================
2026-01-30 15:17:45,107 INFO: Script started at: 2026-01-30 15:17:45
2026-01-30 15:17:45,107 INFO: ==================================================
2026-01-30 15:17:45,114 INFO: Starting simulated annealing optimization.
2026-01-30 15:17:45,114 INFO: Number of iterations: 50000
2026-01-30 15:17:45,114 INFO: Temperature start: 1.00, end: 0.01
2026-01-30 15:17:45,114 INFO: ==================================================
2026-01-30 15:17:45,114 INFO: Iteration 0, Best MSE: 5.14856, Temp: 0.99991
2026-01-30 15:17:45,121 INFO: Iteration 1000, Best MSE: 4.60389, Temp: 0.91193
2026-01-30 15:17:45,128 INFO: Iteration 2000, Best MSE: 4.60389, Temp: 0.83169
2026-01-30 15:17:45,134 INFO: Iteration 3000, Best MSE: 4.60389, Temp: 0.75851
2026-01-30 15:17:45,141 INFO: Iteration 4000, Best MSE: 3.20808, Temp: 0.69177
2026-01-30 15:17:45,149 INFO: Iteration 5000, Best MSE: 3.20808, Temp: 0.63090
2026-01-30 15:17:45,155 INFO: Iteration 6000, Best MSE: 2.73604, Temp: 0.57539
2026-01-30 15:17:45,162 INFO: Iteration 7000, Best MSE: 1.88092, Temp: 0.52476
2026-01-30 15:17:45,169 INFO: Iteration 8000, Best MSE: 1.88092, Temp: 0.47859
2026-01-30 15:17:45,175 INFO: Iteration 9000, Best MSE: 1.88092, Temp: 0.43648
2026-01-30 15:17:45,182 INFO: Iteration 10000, Best MSE: 1.45962, Temp: 0.39807
2026-01-30 15:17:45,188 INFO: Iteration 11000, Best MSE: 1.40234, Temp: 0.36304
2026-01-30 15:17:45,195 INFO: Iteration 12000, Best MSE: 1.40234, Temp: 0.33110
2026-01-30 15:17:45,202 INFO: Iteration 13000, Best MSE: 1.40234, Temp: 0.30197
2026-01-30 15:17:45,209 INFO: Iteration 14000, Best MSE: 1.40234, Temp: 0.27540
2026-01-30 15:17:45,215 INFO: Iteration 15000, Best MSE: 1.40234, Temp: 0.25117
2026-01-30 15:17:45,222 INFO: Iteration 16000, Best MSE: 1.40234, Temp: 0.22907
2026-01-30 15:17:45,229 INFO: Iteration 17000, Best MSE: 1.40234, Temp: 0.20891
2026-01-30 15:17:45,235 INFO: Iteration 18000, Best MSE: 1.40234, Temp: 0.19053
2026-01-30 15:17:45,242 INFO: Iteration 19000, Best MSE: 1.40234, Temp: 0.17376
2026-01-30 15:17:45,249 INFO: Iteration 20000, Best MSE: 1.40234, Temp: 0.15847
2026-01-30 15:17:45,256 INFO: Iteration 21000, Best MSE: 1.40234, Temp: 0.14453
2026-01-30 15:17:45,263 INFO: Iteration 22000, Best MSE: 1.40234, Temp: 0.13181
2026-01-30 15:17:45,269 INFO: Iteration 23000, Best MSE: 1.40234, Temp: 0.12022
2026-01-30 15:17:45,276 INFO: Iteration 24000, Best MSE: 1.40234, Temp: 0.10964
2026-01-30 15:17:45,283 INFO: Iteration 25000, Best MSE: 1.40234, Temp: 0.09999
2026-01-30 15:17:45,289 INFO: Iteration 26000, Best MSE: 1.40234, Temp: 0.09119
2026-01-30 15:17:45,296 INFO: Iteration 27000, Best MSE: 1.40234, Temp: 0.08317
2026-01-30 15:17:45,302 INFO: Iteration 28000, Best MSE: 1.40234, Temp: 0.07585
2026-01-30 15:17:45,309 INFO: Iteration 29000, Best MSE: 1.40234, Temp: 0.06918
2026-01-30 15:17:45,316 INFO: Iteration 30000, Best MSE: 1.40234, Temp: 0.06309
2026-01-30 15:17:45,322 INFO: Iteration 31000, Best MSE: 1.40234, Temp: 0.05754
2026-01-30 15:17:45,329 INFO: Iteration 32000, Best MSE: 1.40234, Temp: 0.05248
2026-01-30 15:17:45,335 INFO: Iteration 33000, Best MSE: 1.40234, Temp: 0.04786
2026-01-30 15:17:45,344 INFO: Iteration 34000, Best MSE: 1.40234, Temp: 0.04365
2026-01-30 15:17:45,350 INFO: Iteration 35000, Best MSE: 1.40234, Temp: 0.03981
2026-01-30 15:17:45,358 INFO: Iteration 36000, Best MSE: 1.40234, Temp: 0.03630
2026-01-30 15:17:45,365 INFO: Iteration 37000, Best MSE: 1.40234, Temp: 0.03311
2026-01-30 15:17:45,371 INFO: Iteration 38000, Best MSE: 1.40234, Temp: 0.03020
2026-01-30 15:17:45,378 INFO: Iteration 39000, Best MSE: 1.40234, Temp: 0.02754
2026-01-30 15:17:45,385 INFO: Iteration 40000, Best MSE: 1.40234, Temp: 0.02512
2026-01-30 15:17:45,391 INFO: Iteration 41000, Best MSE: 1.40234, Temp: 0.02291
2026-01-30 15:17:45,398 INFO: Iteration 42000, Best MSE: 1.40234, Temp: 0.02089
2026-01-30 15:17:45,405 INFO: Iteration 43000, Best MSE: 1.40234, Temp: 0.01905
2026-01-30 15:17:45,411 INFO: Iteration 44000, Best MSE: 1.40234, Temp: 0.01738
2026-01-30 15:17:45,418 INFO: Iteration 45000, Best MSE: 1.40234, Temp: 0.01585
2026-01-30 15:17:45,425 INFO: Iteration 46000, Best MSE: 1.40234, Temp: 0.01445
2026-01-30 15:17:45,431 INFO: Iteration 47000, Best MSE: 1.40234, Temp: 0.01318
2026-01-30 15:17:45,438 INFO: Iteration 48000, Best MSE: 1.40234, Temp: 0.01202
2026-01-30 15:17:45,444 INFO: Iteration 49000, Best MSE: 1.40234, Temp: 0.01096
2026-01-30 15:17:45,451 INFO: Iteration 50000, Best MSE: 1.40234, Temp: 0.01000
2026-01-30 15:17:45,451 INFO: ==================================================
2026-01-30 15:17:45,451 INFO: Optimized Train MSE: 1.402342
2026-01-30 15:17:45,451 INFO: Optimized Test MSE: 1.387142
2026-01-30 15:17:45,452 INFO: ==================================================
2026-01-30 15:17:45,452 INFO: Script finished at: 2026-01-30 15:17:45
2026-01-30 15:17:45,452 INFO: Total runtime: 0.35 seconds
2026-01-30 15:17:45,452 INFO: ==================================================
